<?xml version="1.0" encoding="UTF-8" ?>
<testsuite tests="42" failures="0" name="RunnerTest" time="0.058" errors="0" skipped="35">
  <properties>
[...]
</properties>
  <testcase classname="Scenario: multiply two positive numbers" name="Given Two input values, 6 and 2" time="0.005">
    <skipped/>
  </testcase>
  <testcase classname="Scenario: multiply two positive numbers" name="And Operator is *" time="0.005">
    <skipped/>
  </testcase>
  <testcase classname="Scenario: multiply two positive numbers" name="When I perform the operation" time="0.005">
    <skipped/>
  </testcase>
  <testcase classname="Scenario: multiply two positive numbers" name="Then I expect the result 12" time="0.006">
    <skipped/>
  </testcase>
  <testcase classname="Scenario: multiply two positive numbers" name="Scenario: multiply two positive numbers" time="0.006">
    <skipped/>
  </testcase>
  <testcase classname="Scenario: multiply two positive numbers" name="Scenario: multiply two positive numbers" time="0.007"/>
  <testcase classname="Scenario: multiply a positive and a negative number" name="Given Two input values, 6 and -2" time="0">
    <skipped/>
  </testcase>
  <testcase classname="Scenario: multiply a positive and a negative number" name="And Operator is *" time="0">
    <skipped/>
  </testcase>
  <testcase classname="Scenario: multiply a positive and a negative number" name="When I perform the operation" time="0">
    <skipped/>
  </testcase>
  <testcase classname="Scenario: multiply a positive and a negative number" name="Then I expect the result -12" time="0.001">
    <skipped/>
  </testcase>
  <testcase classname="Scenario: multiply a positive and a negative number" name="Scenario: multiply a positive and a negative number" time="0.001">
    <skipped/>
  </testcase>
  <testcase classname="Scenario: multiply a positive and a negative number" name="Scenario: multiply a positive and a negative number" time="0.001"/>
  <testcase classname="Scenario: divide two positive numbers" name="Given Two input values, 6 and 2" time="0">
    <skipped/>
  </testcase>
  <testcase classname="Scenario: divide two positive numbers" name="And Operator is /" time="0">
    <skipped/>
  </testcase>
  <testcase classname="Scenario: divide two positive numbers" name="When I perform the operation" time="0">
    <skipped/>
  </testcase>
  <testcase classname="Scenario: divide two positive numbers" name="Then I expect the result 3" time="0.001">
    <skipped/>
  </testcase>
  <testcase classname="Scenario: divide two positive numbers" name="Scenario: divide two positive numbers" time="0.001">
    <skipped/>
  </testcase>
  <testcase classname="Scenario: divide two positive numbers" name="Scenario: divide two positive numbers" time="0.001"/>
  <testcase classname="Scenario: divide a positive number by a negative number" name="Given Two input values, 6 and -2" time="0.001">
    <skipped/>
  </testcase>
  <testcase classname="Scenario: divide a positive number by a negative number" name="And Operator is /" time="0.001">
    <skipped/>
  </testcase>
  <testcase classname="Scenario: divide a positive number by a negative number" name="When I perform the operation" time="0.001">
    <skipped/>
  </testcase>
  <testcase classname="Scenario: divide a positive number by a negative number" name="Then I expect the result -3" time="0.001">
    <skipped/>
  </testcase>
  <testcase classname="Scenario: divide a positive number by a negative number" name="Scenario: divide a positive number by a negative number" time="0.002">
    <skipped/>
  </testcase>
  <testcase classname="Scenario: divide a positive number by a negative number" name="Scenario: divide a positive number by a negative number" time="0.002"/>
  <testcase classname="Scenario: raise a positive number to a positive power" name="Given Two input values, 6 and 2" time="0">
    <skipped/>
  </testcase>
  <testcase classname="Scenario: raise a positive number to a positive power" name="And Operator is ^" time="0">
    <skipped/>
  </testcase>
  <testcase classname="Scenario: raise a positive number to a positive power" name="When I perform the operation" time="0">
    <skipped/>
  </testcase>
  <testcase classname="Scenario: raise a positive number to a positive power" name="Then I expect the result 36" time="0.001">
    <skipped/>
  </testcase>
  <testcase classname="Scenario: raise a positive number to a positive power" name="Scenario: raise a positive number to a positive power" time="0.001">
    <skipped/>
  </testcase>
  <testcase classname="Scenario: raise a positive number to a positive power" name="Scenario: raise a positive number to a positive power" time="0.001"/>
  <testcase classname="Scenario: raise a negative number to an even power" name="Given Two input values, -6 and 2" time="0">
    <skipped/>
  </testcase>
  <testcase classname="Scenario: raise a negative number to an even power" name="And Operator is ^" time="0">
    <skipped/>
  </testcase>
  <testcase classname="Scenario: raise a negative number to an even power" name="When I perform the operation" time="0">
    <skipped/>
  </testcase>
  <testcase classname="Scenario: raise a negative number to an even power" name="Then I expect the result 36" time="0.001">
    <skipped/>
  </testcase>
  <testcase classname="Scenario: raise a negative number to an even power" name="Scenario: raise a negative number to an even power" time="0.001">
    <skipped/>
  </testcase>
  <testcase classname="Scenario: raise a negative number to an even power" name="Scenario: raise a negative number to an even power" time="0.001"/>
  <testcase classname="Scenario: raise a negative number to an odd power" name="Given Two input values, -6 and 3" time="0">
    <skipped/>
  </testcase>
  <testcase classname="Scenario: raise a negative number to an odd power" name="And Operator is ^" time="0">
    <skipped/>
  </testcase>
  <testcase classname="Scenario: raise a negative number to an odd power" name="When I perform the operation" time="0.001">
    <skipped/>
  </testcase>
  <testcase classname="Scenario: raise a negative number to an odd power" name="Then I expect the result -216" time="0.001">
    <skipped/>
  </testcase>
  <testcase classname="Scenario: raise a negative number to an odd power" name="Scenario: raise a negative number to an odd power" time="0.001">
    <skipped/>
  </testcase>
  <testcase classname="Scenario: raise a negative number to an odd power" name="Scenario: raise a negative number to an odd power" time="0.001"/>
</testsuite>